
PLAY [all] *************************************************************************************
Friday 08 October 2021  18:07:55 +0000 (0:00:00.042)       0:00:00.042 ******** 
Friday 08 October 2021  18:07:55 +0000 (0:00:00.011)       0:00:00.054 ******** 
Friday 08 October 2021  18:07:55 +0000 (0:00:00.017)       0:00:00.072 ******** 
Friday 08 October 2021  18:07:55 +0000 (0:00:00.018)       0:00:00.090 ******** 

TASK [prereq-checks : create temporary directory] **********************************************
[0;33mchanged: [sclairville-cah-3s98.c.solutionsarchitect-01.internal][0m
Friday 08 October 2021  18:07:55 +0000 (0:00:00.894)       0:00:00.985 ******** 

TASK [prereq-checks : copy driver file to target] **********************************************
[0;33mchanged: [sclairville-cah-3s98.c.solutionsarchitect-01.internal][0m
Friday 08 October 2021  18:07:57 +0000 (0:00:01.353)       0:00:02.339 ******** 

TASK [prereq-checks : create temporary directory] **********************************************
[0;33mchanged: [sclairville-cah-hg24.c.solutionsarchitect-01.internal][0m
Friday 08 October 2021  18:07:57 +0000 (0:00:00.509)       0:00:02.848 ******** 
[0;33mchanged: [sclairville-cah-hn4z.c.solutionsarchitect-01.internal][0m
Friday 08 October 2021  18:07:57 +0000 (0:00:00.069)       0:00:02.918 ******** 
[0;33mchanged: [sclairville-cah-3z2z.c.solutionsarchitect-01.internal][0m
Friday 08 October 2021  18:07:58 +0000 (0:00:00.206)       0:00:03.124 ******** 

TASK [prereq-checks : copy driver file to target] **********************************************
[0;33mchanged: [sclairville-cah-hg24.c.solutionsarchitect-01.internal][0m
Friday 08 October 2021  18:07:58 +0000 (0:00:00.762)       0:00:03.887 ******** 
[0;33mchanged: [sclairville-cah-hn4z.c.solutionsarchitect-01.internal][0m
Friday 08 October 2021  18:07:58 +0000 (0:00:00.095)       0:00:03.983 ******** 
[0;33mchanged: [sclairville-cah-3z2z.c.solutionsarchitect-01.internal][0m
Friday 08 October 2021  18:07:59 +0000 (0:00:00.362)       0:00:04.345 ******** 

TASK [prereq-checks : run driver] **************************************************************
[0;33mchanged: [sclairville-cah-3s98.c.solutionsarchitect-01.internal][0m
Friday 08 October 2021  18:08:02 +0000 (0:00:02.766)       0:00:07.111 ******** 

TASK [prereq-checks : fetch outputs from target] ***********************************************
[0;33mchanged: [sclairville-cah-3s98.c.solutionsarchitect-01.internal][0m
Friday 08 October 2021  18:08:02 +0000 (0:00:00.480)       0:00:07.592 ******** 

TASK [prereq-checks : clean up temporary directory] ********************************************
[0;33mchanged: [sclairville-cah-3s98.c.solutionsarchitect-01.internal][0m

TASK [prereq-checks : run driver] **************************************************************
[0;33mchanged: [sclairville-cah-hn4z.c.solutionsarchitect-01.internal][0m
Friday 08 October 2021  18:08:10 +0000 (0:00:08.175)       0:00:15.767 ******** 

TASK [prereq-checks : fetch outputs from target] ***********************************************
[0;33mchanged: [sclairville-cah-hn4z.c.solutionsarchitect-01.internal][0m
Friday 08 October 2021  18:08:11 +0000 (0:00:00.330)       0:00:16.098 ******** 

TASK [prereq-checks : clean up temporary directory] ********************************************
[0;33mchanged: [sclairville-cah-hn4z.c.solutionsarchitect-01.internal][0m

TASK [prereq-checks : run driver] **************************************************************
[0;33mchanged: [sclairville-cah-hg24.c.solutionsarchitect-01.internal][0m
Friday 08 October 2021  18:08:12 +0000 (0:00:01.074)       0:00:17.172 ******** 

TASK [prereq-checks : fetch outputs from target] ***********************************************
[0;33mchanged: [sclairville-cah-hg24.c.solutionsarchitect-01.internal][0m
Friday 08 October 2021  18:08:12 +0000 (0:00:00.379)       0:00:17.552 ******** 

TASK [prereq-checks : clean up temporary directory] ********************************************
[0;33mchanged: [sclairville-cah-hg24.c.solutionsarchitect-01.internal][0m

TASK [prereq-checks : run driver] **************************************************************
[0;33mchanged: [sclairville-cah-3z2z.c.solutionsarchitect-01.internal][0m
Friday 08 October 2021  18:08:16 +0000 (0:00:04.278)       0:00:21.830 ******** 

TASK [prereq-checks : fetch outputs from target] ***********************************************
[0;33mchanged: [sclairville-cah-3z2z.c.solutionsarchitect-01.internal][0m
Friday 08 October 2021  18:08:17 +0000 (0:00:00.799)       0:00:22.630 ******** 

TASK [prereq-checks : clean up temporary directory] ********************************************
[0;33mchanged: [sclairville-cah-3z2z.c.solutionsarchitect-01.internal][0m

PLAY RECAP *************************************************************************************
[0;33msclairville-cah-3s98.c.solutionsarchitect-01.internal[0m : [0;32mok=5   [0m [0;33mchanged=5   [0m unreachable=0    failed=0    skipped=0    rescued=0    ignored=0   
[0;33msclairville-cah-3z2z.c.solutionsarchitect-01.internal[0m : [0;32mok=5   [0m [0;33mchanged=5   [0m unreachable=0    failed=0    skipped=0    rescued=0    ignored=0   
[0;33msclairville-cah-hg24.c.solutionsarchitect-01.internal[0m : [0;32mok=5   [0m [0;33mchanged=5   [0m unreachable=0    failed=0    skipped=0    rescued=0    ignored=0   
[0;33msclairville-cah-hn4z.c.solutionsarchitect-01.internal[0m : [0;32mok=5   [0m [0;33mchanged=5   [0m unreachable=0    failed=0    skipped=0    rescued=0    ignored=0   

Friday 08 October 2021  18:08:18 +0000 (0:00:00.712)       0:00:23.342 ******** 
=============================================================================== 
prereq-checks : run driver -------------------------------------------------------------- 2.77s
prereq-checks : create temporary directory ---------------------------------------------- 0.89s
prereq-checks : fetch outputs from target ----------------------------------------------- 0.80s
prereq-checks : copy driver file to target ---------------------------------------------- 0.76s
prereq-checks : clean up temporary directory -------------------------------------------- 0.71s
